c:\github\jimfawcett\fileutilities\fileutilities\debug\fileutilities.pdb
c:\github\jimfawcett\fileutilities\fileutilities\debug\fileutilities.idb
c:\github\jimfawcett\fileutilities\fileutilities\debug\fileutilities.obj
c:\github\jimfawcett\fileutilities\fileutilities\debug\filesystem.obj
c:\github\jimfawcett\fileutilities\fileutilities\debug\vc142.pdb
c:\github\jimfawcett\fileutilities\fileutilities\debug\vc142.idb
c:\github\jimfawcett\fileutilities\fileutilities\debug\fileutilities.lib
c:\github\jimfawcett\fileutilities\fileutilities\debug\fileutilities.exp
c:\github\jimfawcett\fileutilities\fileutilities\debug\fileutilities.ilk
c:\github\jimfawcett\fileutilities\fileutilities\debug\fileutilities.exe
c:\github\jimfawcett\fileutilities\fileutilities\debug\filesystem.pdb
c:\github\jimfawcett\fileutilities\fileutilities\debug\stringutilities.pdb
c:\github\jimfawcett\fileutilities\fileutilities\debug\fileutilities.tlog\cl.command.1.tlog
c:\github\jimfawcett\fileutilities\fileutilities\debug\fileutilities.tlog\cl.read.1.tlog
c:\github\jimfawcett\fileutilities\fileutilities\debug\fileutilities.tlog\cl.write.1.tlog
c:\github\jimfawcett\fileutilities\fileutilities\debug\fileutilities.tlog\fileutilities.write.1u.tlog
c:\github\jimfawcett\fileutilities\fileutilities\debug\fileutilities.tlog\lib-link.read.1.tlog
c:\github\jimfawcett\fileutilities\fileutilities\debug\fileutilities.tlog\lib-link.write.1.tlog
c:\github\jimfawcett\fileutilities\fileutilities\debug\fileutilities.tlog\lib.command.1.tlog
c:\github\jimfawcett\fileutilities\fileutilities\debug\fileutilities.tlog\link.command.1.tlog
c:\github\jimfawcett\fileutilities\fileutilities\debug\fileutilities.tlog\link.delete.1.tlog
c:\github\jimfawcett\fileutilities\fileutilities\debug\fileutilities.tlog\link.read.1.tlog
c:\github\jimfawcett\fileutilities\fileutilities\debug\fileutilities.tlog\link.write.1.tlog
